Copyright 1986-2018 Xilinx, Inc. All Rights Reserved.
-------------------------------------------------------------------------------------------------------------------------------------------------
| Tool Version     : Vivado v.2018.2 (win64) Build 2258646 Thu Jun 14 20:03:12 MDT 2018
| Date             : Sat May  6 16:21:35 2023
| Host             : DESKTOP-P2FMD8V running 64-bit major release  (build 9200)
| Command          : report_power -file Processor_power_routed.rpt -pb Processor_power_summary_routed.pb -rpx Processor_power_routed.rpx
| Design           : Processor
| Device           : xc7a100tcsg324-1
| Design State     : routed
| Grade            : commercial
| Process          : typical
| Characterization : Production
-------------------------------------------------------------------------------------------------------------------------------------------------

Power Report

Table of Contents
-----------------
1. Summary
1.1 On-Chip Components
1.2 Power Supply Summary
1.3 Confidence Level
2. Settings
2.1 Environment
2.2 Clock Constraints
3. Detailed Reports
3.1 By Hierarchy

1. Summary
----------

+--------------------------+--------------+
| Total On-Chip Power (W)  | 2.101        |
| Design Power Budget (W)  | Unspecified* |
| Power Budget Margin (W)  | NA           |
| Dynamic (W)              | 1.997        |
| Device Static (W)        | 0.105        |
| Effective TJA (C/W)      | 4.6          |
| Max Ambient (C)          | 75.4         |
| Junction Temperature (C) | 34.6         |
| Confidence Level         | Low          |
| Setting File             | ---          |
| Simulation Activity File | ---          |
| Design Nets Matched      | NA           |
+--------------------------+--------------+
* Specify Design Power Budget using, set_operating_conditions -design_power_budget <value in Watts>


1.1 On-Chip Components
----------------------

+----------------+-----------+----------+-----------+-----------------+
| On-Chip        | Power (W) | Used     | Available | Utilization (%) |
+----------------+-----------+----------+-----------+-----------------+
| Slice Logic    |     0.083 |      198 |       --- |             --- |
|   LUT as Logic |     0.062 |       79 |     63400 |            0.12 |
|   CARRY4       |     0.012 |       24 |     15850 |            0.15 |
|   BUFG         |     0.006 |        1 |        32 |            3.13 |
|   Register     |     0.003 |       63 |    126800 |            0.05 |
|   Others       |     0.000 |       23 |       --- |             --- |
| Signals        |     0.062 |      203 |       --- |             --- |
| I/O            |     1.852 |       15 |       210 |            7.14 |
| Static Power   |     0.105 |          |           |                 |
| Total          |     2.101 |          |           |                 |
+----------------+-----------+----------+-----------+-----------------+


1.2 Power Supply Summary
------------------------

+-----------+-------------+-----------+-------------+------------+
| Source    | Voltage (V) | Total (A) | Dynamic (A) | Static (A) |
+-----------+-------------+-----------+-------------+------------+
| Vccint    |       1.000 |     0.174 |       0.152 |      0.021 |
| Vccaux    |       1.800 |     0.086 |       0.068 |      0.019 |
| Vcco33    |       3.300 |     0.526 |       0.522 |      0.004 |
| Vcco25    |       2.500 |     0.000 |       0.000 |      0.000 |
| Vcco18    |       1.800 |     0.000 |       0.000 |      0.000 |
| Vcco15    |       1.500 |     0.000 |       0.000 |      0.000 |
| Vcco135   |       1.350 |     0.000 |       0.000 |      0.000 |
| Vcco12    |       1.200 |     0.000 |       0.000 |      0.000 |
| Vccaux_io |       1.800 |     0.000 |       0.000 |      0.000 |
| Vccbram   |       1.000 |     0.000 |       0.000 |      0.000 |
| MGTAVcc   |       1.000 |     0.000 |       0.000 |      0.000 |
| MGTAVtt   |       1.200 |     0.000 |       0.000 |      0.000 |
| Vccadc    |       1.800 |     0.020 |       0.000 |      0.020 |
+-----------+-------------+-----------+-------------+------------+


1.3 Confidence Level
--------------------

+-----------------------------+------------+--------------------------------------------------------+--------------------------------------------------------------------------------------------------------------------+
| User Input Data             | Confidence | Details                                                | Action                                                                                                             |
+-----------------------------+------------+--------------------------------------------------------+--------------------------------------------------------------------------------------------------------------------+
| Design implementation state | High       | Design is routed                                       |                                                                                                                    |
| Clock nodes activity        | Low        | User specified less than 75% of clocks                 | Provide missing clock activity with a constraint file, simulation results or by editing the "By Clock Domain" view |
| I/O nodes activity          | Low        | More than 75% of inputs are missing user specification | Provide missing input activity with simulation results or by editing the "By Resource Type -> I/Os" view           |
| Internal nodes activity     | Medium     | User specified less than 25% of internal nodes         | Provide missing internal nodes activity with simulation results or by editing the "By Resource Type" views         |
| Device models               | High       | Device models are Production                           |                                                                                                                    |
|                             |            |                                                        |                                                                                                                    |
| Overall confidence level    | Low        |                                                        |                                                                                                                    |
+-----------------------------+------------+--------------------------------------------------------+--------------------------------------------------------------------------------------------------------------------+


2. Settings
-----------

2.1 Environment
---------------

+-----------------------+--------------------------+
| Ambient Temp (C)      | 25.0                     |
| ThetaJA (C/W)         | 4.6                      |
| Airflow (LFM)         | 250                      |
| Heat Sink             | medium (Medium Profile)  |
| ThetaSA (C/W)         | 4.6                      |
| Board Selection       | medium (10"x10")         |
| # of Board Layers     | 12to15 (12 to 15 Layers) |
| Board Temperature (C) | 25.0                     |
+-----------------------+--------------------------+


2.2 Clock Constraints
---------------------

+-------+--------+-----------------+
| Clock | Domain | Constraint (ns) |
+-------+--------+-----------------+


3. Detailed Reports
-------------------

3.1 By Hierarchy
----------------

+--------------+-----------+
| Name         | Power (W) |
+--------------+-----------+
| Processor    |     1.997 |
|   u0         |     0.011 |
|   u1         |     0.001 |
|     u0       |     0.000 |
|     u1       |     0.000 |
|       u1     |     0.000 |
|     u2       |     0.001 |
|   u2         |     0.111 |
|     PWM_DFF1 |    <0.001 |
|     PWM_DFF2 |     0.000 |
+--------------+-----------+


